<?xml version="1.0" encoding="UTF-8"?>
<!-- Generated by org.testng.reporters.JUnitReportReporter -->
<testsuite hostname="Carloss-MacBook-Pro.local" failures="0" tests="7" name="blockudoku.BlockudokuTest" time="0.077" errors="0" timestamp="2020-12-23T13:54:12 PET" skipped="0">
  <testcase classname="blockudoku.BlockudokuTest" name="printBoardTest" time="0.034"/>
  <system-out/>
  <testcase classname="blockudoku.BlockudokuTest" name="elegirPiezaTest" time="0.002"/>
  <system-out/>
  <testcase classname="blockudoku.BlockudokuTest" name="ponerPiezaEncimaDeOtraTest" time="0.000"/>
  <system-out/>
  <testcase classname="blockudoku.BlockudokuTest" name="ponerPiezaTest" time="0.000"/>
  <system-out/>
  <testcase classname="blockudoku.BlockudokuTest" name="printOpcionesTest" time="0.017"/>
  <system-out/>
  <testcase classname="blockudoku.BlockudokuTest" name="constructorTest" time="0.000"/>
  <system-out/>
  <testcase classname="blockudoku.BlockudokuTest" name="checkPointsTest" time="0.024"/>
  <system-out/>
</testsuite> <!-- blockudoku.BlockudokuTest -->
