<?xml version="1.0" encoding="UTF-8"?>
<!-- Generated by org.testng.reporters.JUnitReportReporter -->
<testsuite hostname="Carloss-MacBook-Pro.local" failures="0" tests="1" name="BlockudokuTest" time="0.023" errors="0" timestamp="2020-12-23T13:02:27 PET" skipped="0">
  <testcase classname="BlockudokuTest" name="testCase0" time="0.023"/>
  <system-out/>
</testsuite> <!-- BlockudokuTest -->
